{
  "RSpec": {
    "coverage": {
      "/Users/Jaiye/Documents/Sites/Ruby/precourse/Projects/bookmark-manager/spec/adding_multiple_tags_spec.rb": [
        1,
        null,
        1,
        1,
        1,
        1,
        1,
        1,
        1,
        1,
        null,
        null,
        null
      ],
      "/Users/Jaiye/Documents/Sites/Ruby/precourse/Projects/bookmark-manager/spec/adding_tags_spec.rb": [
        1,
        null,
        1,
        1,
        1,
        1,
        1,
        1,
        1,
        1,
        1,
        1,
        1,
        1,
        null,
        null,
        null
      ],
      "/Users/Jaiye/Documents/Sites/Ruby/precourse/Projects/bookmark-manager/spec/adding_user_accounts_spec.rb": [
        1,
        null,
        1,
        1,
        1,
        1,
        1,
        1,
        1,
        1,
        1,
        1,
        1,
        2,
        null,
        null,
        null,
        null,
        null
      ],
      "/Users/Jaiye/Documents/Sites/Ruby/precourse/Projects/bookmark-manager/spec/creating_links_spec.rb": [
        1,
        null,
        1,
        1,
        1,
        1,
        1,
        1,
        1,
        1,
        1,
        null,
        null,
        null
      ],
      "/Users/Jaiye/Documents/Sites/Ruby/precourse/Projects/bookmark-manager/spec/denying_user_creation_on_wrong_confirmation_spec.rb": [
        1,
        null,
        1,
        null,
        1,
        1,
        1,
        1,
        1,
        1,
        1,
        1,
        1,
        1,
        1,
        1,
        1,
        2,
        null,
        null,
        null,
        null
      ],
      "/Users/Jaiye/Documents/Sites/Ruby/precourse/Projects/bookmark-manager/spec/feature_test_spec.rb": [
        1,
        1,
        null,
        1,
        null,
        1,
        1,
        1,
        1,
        1,
        null,
        null,
        null,
        null
      ],
      "/Users/Jaiye/Documents/Sites/Ruby/precourse/Projects/bookmark-manager/spec/user_cannot_signup_with_an_invalid_email_address_spec.rb": [
        1,
        null,
        1,
        1,
        1,
        1,
        1,
        1,
        1,
        1,
        1,
        1,
        2,
        null,
        null,
        null
      ],
      "/Users/Jaiye/Documents/Sites/Ruby/precourse/Projects/bookmark-manager/spec/user_cannot_signup_with_blank_email_address_spec.rb": [
        1,
        null,
        1,
        1,
        1,
        1,
        1,
        1,
        1,
        1,
        1,
        2,
        null,
        null,
        null
      ],
      "/Users/Jaiye/Documents/Sites/Ruby/precourse/Projects/bookmark-manager/spec/viewing_links_spec.rb": [
        1,
        null,
        1,
        1,
        1,
        1,
        1,
        null,
        null,
        1,
        1,
        1,
        1,
        1,
        1,
        1,
        1,
        null,
        null,
        null
      ]
    },
    "timestamp": 1494086036
  }
}
