{
  "RSpec": {
    "coverage": {
      "/Users/Jaiye/Documents/Sites/Ruby/precourse/Projects/bookmark-manager/spec/adding_multiple_tags_spec.rb": [
        1,
        null,
        1,
        1,
        1,
        1,
        1,
        1,
        1,
        1,
        null,
        null,
        null
      ],
      "/Users/Jaiye/Documents/Sites/Ruby/precourse/Projects/bookmark-manager/spec/adding_tags_spec.rb": [
        1,
        null,
        1,
        1,
        1,
        1,
        1,
        1,
        1,
        1,
        1,
        1,
        1,
        1,
        null,
        null,
        null
      ],
      "/Users/Jaiye/Documents/Sites/Ruby/precourse/Projects/bookmark-manager/spec/adding_user_accounts_spec.rb": [
        1,
        null,
        1,
        1,
        1,
        1,
        1,
        null,
        1,
        1,
        1,
        1,
        1,
        1,
        2,
        null,
        null,
        null,
        null
      ],
      "/Users/Jaiye/Documents/Sites/Ruby/precourse/Projects/bookmark-manager/spec/already_registered_email_address_spec.rb": [
        1,
        null,
        1,
        null,
        1,
        1,
        null,
        1,
        1,
        1,
        1,
        1,
        1,
        1,
        2,
        1,
        null,
        1,
        1,
        1,
        1,
        1,
        1,
        1,
        2,
        1,
        null,
        null,
        null,
        null,
        null
      ],
      "/Users/Jaiye/Documents/Sites/Ruby/precourse/Projects/bookmark-manager/spec/blank_email_address_spec.rb": [
        1,
        null,
        1,
        1,
        1,
        1,
        1,
        1,
        1,
        1,
        1,
        2,
        null,
        null,
        null
      ],
      "/Users/Jaiye/Documents/Sites/Ruby/precourse/Projects/bookmark-manager/spec/creating_links_spec.rb": [
        1,
        null,
        1,
        1,
        1,
        1,
        1,
        1,
        1,
        1,
        1,
        null,
        null,
        null
      ],
      "/Users/Jaiye/Documents/Sites/Ruby/precourse/Projects/bookmark-manager/spec/feature_test_spec.rb": [
        1,
        1,
        null,
        1,
        null,
        1,
        1,
        1,
        1,
        1,
        null,
        null,
        null,
        null
      ],
      "/Users/Jaiye/Documents/Sites/Ruby/precourse/Projects/bookmark-manager/spec/invalid_email_address_spec.rb": [
        1,
        null,
        1,
        1,
        1,
        1,
        1,
        1,
        1,
        1,
        1,
        1,
        2,
        1,
        1,
        null,
        null,
        null
      ],
      "/Users/Jaiye/Documents/Sites/Ruby/precourse/Projects/bookmark-manager/spec/viewing_links_spec.rb": [
        1,
        null,
        1,
        1,
        1,
        1,
        1,
        null,
        null,
        1,
        1,
        1,
        1,
        1,
        1,
        1,
        1,
        null,
        null,
        null
      ],
      "/Users/Jaiye/Documents/Sites/Ruby/precourse/Projects/bookmark-manager/spec/wrong_confirmation_password_spec.rb": [
        1,
        null,
        1,
        null,
        1,
        1,
        1,
        1,
        1,
        1,
        1,
        1,
        1,
        1,
        1,
        1,
        1,
        2,
        null,
        null,
        null,
        null
      ]
    },
    "timestamp": 1494088580
  }
}
